# JRE version: OpenJDK Runtime Environment (17.0.7) (build 17.0.7+0-b2043.56-10550314)
# Java VM: OpenJDK 64-Bit Server VM (17.0.7+0-b2043.56-10550314, mixed mode, tiered, compressed oops, compressed class ptrs, g1 gc, windows-amd64)
GC Precious Log:
 CPUs: 12 total, 12 available
 Memory: 16224M
 Large Page Support: Disabled
 NUMA Support: Disabled
 Compressed Oops: Enabled (32-bit)
 Heap Region Size: 1M
 Heap Min Capacity: 8M
 Heap Initial Capacity: 254M
 Heap Max Capacity: 2G
 Pre-touch: Disabled
 Parallel Workers: 10
 Concurrent Workers: 3
 Concurrent Refinement Workers: 10
 Periodic GC: Disabled
Heap:
 garbage-first heap   total 116736K, used 72655K [0x0000000080000000, 0x0000000100000000)
  region size 1024K, 8 young (8192K), 1 survivors (1024K)
 Metaspace       used 68946K, committed 69568K, reserved 1114112K
  class space    used 9118K, committed 9408K, reserved 1048576K
GC Heap History (20 events):
Event: 3.043 GC heap before
{Heap before GC invocations=8 (full 0):
 garbage-first heap   total 68608K, used 39737K [0x0000000080000000, 0x0000000100000000)
  region size 1024K, 21 young (21504K), 3 survivors (3072K)
 Metaspace       used 35631K, committed 35968K, reserved 1114112K
  class space    used 4944K, committed 5120K, reserved 1048576K
}
Event: 3.045 GC heap after
{Heap after GC invocations=9 (full 0):
 garbage-first heap   total 68608K, used 24466K [0x0000000080000000, 0x0000000100000000)
  region size 1024K, 3 young (3072K), 3 survivors (3072K)
 Metaspace       used 35631K, committed 35968K, reserved 1114112K
  class space    used 4944K, committed 5120K, reserved 1048576K
}
Event: 3.348 GC heap before
{Heap before GC invocations=10 (full 0):
 garbage-first heap   total 68608K, used 52114K [0x0000000080000000, 0x0000000100000000)
  region size 1024K, 31 young (31744K), 3 survivors (3072K)
 Metaspace       used 41095K, committed 41472K, reserved 1114112K
  class space    used 5470K, committed 5632K, reserved 1048576K
}
Event: 3.352 GC heap after
{Heap after GC invocations=11 (full 0):
 garbage-first heap   total 112640K, used 28120K [0x0000000080000000, 0x0000000100000000)
  region size 1024K, 4 young (4096K), 4 survivors (4096K)
 Metaspace       used 41095K, committed 41472K, reserved 1114112K
  class space    used 5470K, committed 5632K, reserved 1048576K
}
Event: 3.862 GC heap before
{Heap before GC invocations=11 (full 0):
 garbage-first heap   total 112640K, used 92632K [0x0000000080000000, 0x0000000100000000)
  region size 1024K, 61 young (62464K), 4 survivors (4096K)
 Metaspace       used 45920K, committed 46336K, reserved 1114112K
  class space    used 6016K, committed 6208K, reserved 1048576K
}
Event: 3.865 GC heap after
{Heap after GC invocations=12 (full 0):
 garbage-first heap   total 112640K, used 32488K [0x0000000080000000, 0x0000000100000000)
  region size 1024K, 8 young (8192K), 8 survivors (8192K)
 Metaspace       used 45920K, committed 46336K, reserved 1114112K
  class space    used 6016K, committed 6208K, reserved 1048576K
}
Event: 4.462 GC heap before
{Heap before GC invocations=12 (full 0):
 garbage-first heap   total 112640K, used 86760K [0x0000000080000000, 0x0000000100000000)
  region size 1024K, 61 young (62464K), 8 survivors (8192K)
 Metaspace       used 51999K, committed 52480K, reserved 1114112K
  class space    used 7019K, committed 7232K, reserved 1048576K
}
Event: 4.466 GC heap after
{Heap after GC invocations=13 (full 0):
 garbage-first heap   total 112640K, used 35442K [0x0000000080000000, 0x0000000100000000)
  region size 1024K, 3 young (3072K), 3 survivors (3072K)
 Metaspace       used 51999K, committed 52480K, reserved 1114112K
  class space    used 7019K, committed 7232K, reserved 1048576K
}
Event: 5.325 GC heap before
{Heap before GC invocations=13 (full 0):
 garbage-first heap   total 112640K, used 83570K [0x0000000080000000, 0x0000000100000000)
  region size 1024K, 51 young (52224K), 3 survivors (3072K)
 Metaspace       used 59719K, committed 60160K, reserved 1114112K
  class space    used 8001K, committed 8192K, reserved 1048576K
}
Event: 5.329 GC heap after
{Heap after GC invocations=14 (full 0):
 garbage-first heap   total 112640K, used 40286K [0x0000000080000000, 0x0000000100000000)
  region size 1024K, 7 young (7168K), 7 survivors (7168K)
 Metaspace       used 59719K, committed 60160K, reserved 1114112K
  class space    used 8001K, committed 8192K, reserved 1048576K
}
Event: 7.050 GC heap before
{Heap before GC invocations=15 (full 0):
 garbage-first heap   total 112640K, used 96606K [0x0000000080000000, 0x0000000100000000)
  region size 1024K, 51 young (52224K), 7 survivors (7168K)
 Metaspace       used 62027K, committed 62592K, reserved 1114112K
  class space    used 8294K, committed 8576K, reserved 1048576K
}
Event: 7.056 GC heap after
{Heap after GC invocations=16 (full 0):
 garbage-first heap   total 116736K, used 63203K [0x0000000080000000, 0x0000000100000000)
  region size 1024K, 7 young (7168K), 7 survivors (7168K)
 Metaspace       used 62027K, committed 62592K, reserved 1114112K
  class space    used 8294K, committed 8576K, reserved 1048576K
}
Event: 7.101 GC heap before
{Heap before GC invocations=17 (full 0):
 garbage-first heap   total 116736K, used 67299K [0x0000000080000000, 0x0000000100000000)
  region size 1024K, 13 young (13312K), 7 survivors (7168K)
 Metaspace       used 62429K, committed 62976K, reserved 1114112K
  class space    used 8328K, committed 8576K, reserved 1048576K
}
Event: 7.103 GC heap after
{Heap after GC invocations=18 (full 0):
 garbage-first heap   total 116736K, used 64673K [0x0000000080000000, 0x0000000100000000)
  region size 1024K, 2 young (2048K), 2 survivors (2048K)
 Metaspace       used 62429K, committed 62976K, reserved 1114112K
  class space    used 8328K, committed 8576K, reserved 1048576K
}
Event: 7.387 GC heap before
{Heap before GC invocations=19 (full 0):
 garbage-first heap   total 116736K, used 92321K [0x0000000080000000, 0x0000000100000000)
  region size 1024K, 29 young (29696K), 2 survivors (2048K)
 Metaspace       used 64953K, committed 65472K, reserved 1114112K
  class space    used 8702K, committed 8960K, reserved 1048576K
}
Event: 7.389 GC heap after
{Heap after GC invocations=20 (full 0):
 garbage-first heap   total 116736K, used 66174K [0x0000000080000000, 0x0000000100000000)
  region size 1024K, 2 young (2048K), 2 survivors (2048K)
 Metaspace       used 64953K, committed 65472K, reserved 1114112K
  class space    used 8702K, committed 8960K, reserved 1048576K
}
Event: 7.438 GC heap before
{Heap before GC invocations=20 (full 0):
 garbage-first heap   total 116736K, used 69246K [0x0000000080000000, 0x0000000100000000)
  region size 1024K, 5 young (5120K), 2 survivors (2048K)
 Metaspace       used 65231K, committed 65856K, reserved 1114112K
  class space    used 8730K, committed 9024K, reserved 1048576K
}
Event: 7.440 GC heap after
{Heap after GC invocations=21 (full 0):
 garbage-first heap   total 116736K, used 65995K [0x0000000080000000, 0x0000000100000000)
  region size 1024K, 1 young (1024K), 1 survivors (1024K)
 Metaspace       used 65231K, committed 65856K, reserved 1114112K
  class space    used 8730K, committed 9024K, reserved 1048576K
}
Event: 7.995 GC heap before
{Heap before GC invocations=21 (full 0):
 garbage-first heap   total 116736K, used 93643K [0x0000000080000000, 0x0000000100000000)
  region size 1024K, 28 young (28672K), 1 survivors (1024K)
 Metaspace       used 68353K, committed 68992K, reserved 1114112K
  class space    used 9038K, committed 9344K, reserved 1048576K
}
Event: 7.998 GC heap after
{Heap after GC invocations=22 (full 0):
 garbage-first heap   total 116736K, used 66511K [0x0000000080000000, 0x0000000100000000)
  region size 1024K, 1 young (1024K), 1 survivors (1024K)
 Metaspace       used 68353K, committed 68992K, reserved 1114112K
  class space    used 9038K, committed 9344K, reserved 1048576K
}

